mode: set
git.zhugefang.com/gocore/zgo/zgonsq/connpool.go:37.42,41.2 1 1
git.zhugefang.com/gocore/zgo/zgonsq/connpool.go:44.56,46.2 1 1
git.zhugefang.com/gocore/zgo/zgonsq/connpool.go:48.56,55.12 5 1
git.zhugefang.com/gocore/zgo/zgonsq/connpool.go:75.2,75.30 1 1
git.zhugefang.com/gocore/zgo/zgonsq/connpool.go:83.2,83.11 1 1
git.zhugefang.com/gocore/zgo/zgonsq/connpool.go:55.12,56.27 1 1
git.zhugefang.com/gocore/zgo/zgonsq/connpool.go:56.27,60.28 3 1
git.zhugefang.com/gocore/zgo/zgonsq/connpool.go:60.28,69.5 4 1
git.zhugefang.com/gocore/zgo/zgonsq/connpool.go:75.30,82.3 2 1
git.zhugefang.com/gocore/zgo/zgonsq/connpool.go:88.66,93.39 4 1
git.zhugefang.com/gocore/zgo/zgonsq/connpool.go:96.2,97.56 2 1
git.zhugefang.com/gocore/zgo/zgonsq/connpool.go:93.39,95.3 1 1
git.zhugefang.com/gocore/zgo/zgonsq/connpool.go:100.79,103.12 1 1
git.zhugefang.com/gocore/zgo/zgonsq/connpool.go:112.2,112.38 1 1
git.zhugefang.com/gocore/zgo/zgonsq/connpool.go:117.2,117.12 1 1
git.zhugefang.com/gocore/zgo/zgonsq/connpool.go:138.2,138.12 1 1
git.zhugefang.com/gocore/zgo/zgonsq/connpool.go:103.12,104.42 1 1
git.zhugefang.com/gocore/zgo/zgonsq/connpool.go:104.42,105.38 1 1
git.zhugefang.com/gocore/zgo/zgonsq/connpool.go:105.38,108.5 1 1
git.zhugefang.com/gocore/zgo/zgonsq/connpool.go:112.38,115.3 1 1
git.zhugefang.com/gocore/zgo/zgonsq/connpool.go:117.12,118.7 1 1
git.zhugefang.com/gocore/zgo/zgonsq/connpool.go:118.7,121.80 1 1
git.zhugefang.com/gocore/zgo/zgonsq/connpool.go:121.80,122.34 1 1
git.zhugefang.com/gocore/zgo/zgonsq/connpool.go:122.34,123.18 1 1
git.zhugefang.com/gocore/zgo/zgonsq/connpool.go:123.18,125.7 1 1
git.zhugefang.com/gocore/zgo/zgonsq/connpool.go:128.10,133.5 1 1
git.zhugefang.com/gocore/zgo/zgonsq/connpool.go:138.12,142.3 2 1
git.zhugefang.com/gocore/zgo/zgonsq/connpool.go:146.69,148.12 2 1
git.zhugefang.com/gocore/zgo/zgonsq/connpool.go:159.2,159.12 1 1
git.zhugefang.com/gocore/zgo/zgonsq/connpool.go:148.12,150.17 2 1
git.zhugefang.com/gocore/zgo/zgonsq/connpool.go:155.3,157.13 2 1
git.zhugefang.com/gocore/zgo/zgonsq/connpool.go:150.17,154.4 3 0
git.zhugefang.com/gocore/zgo/zgonsq/consumer.go:13.27,15.2 1 1
git.zhugefang.com/gocore/zgo/zgonsq/consumer.go:18.43,24.2 2 1
git.zhugefang.com/gocore/zgo/zgonsq/resource.go:24.59,26.2 1 0
git.zhugefang.com/gocore/zgo/zgonsq/resource.go:29.61,31.2 1 1
git.zhugefang.com/gocore/zgo/zgonsq/resource.go:48.49,53.2 1 1
git.zhugefang.com/gocore/zgo/zgonsq/resource.go:55.59,57.2 1 1
git.zhugefang.com/gocore/zgo/zgonsq/resource.go:60.68,62.2 1 0
git.zhugefang.com/gocore/zgo/zgonsq/resource.go:65.100,67.20 2 1
git.zhugefang.com/gocore/zgo/zgonsq/resource.go:71.2,74.16 4 1
git.zhugefang.com/gocore/zgo/zgonsq/resource.go:78.2,78.12 1 1
git.zhugefang.com/gocore/zgo/zgonsq/resource.go:88.2,88.17 1 1
git.zhugefang.com/gocore/zgo/zgonsq/resource.go:67.20,70.3 2 0
git.zhugefang.com/gocore/zgo/zgonsq/resource.go:74.16,77.3 2 0
git.zhugefang.com/gocore/zgo/zgonsq/resource.go:78.12,80.15 2 1
git.zhugefang.com/gocore/zgo/zgonsq/resource.go:80.15,83.4 1 0
git.zhugefang.com/gocore/zgo/zgonsq/resource.go:83.9,86.4 1 1
git.zhugefang.com/gocore/zgo/zgonsq/resource.go:92.107,94.20 2 1
git.zhugefang.com/gocore/zgo/zgonsq/resource.go:98.2,101.16 4 1
git.zhugefang.com/gocore/zgo/zgonsq/resource.go:105.2,105.12 1 1
git.zhugefang.com/gocore/zgo/zgonsq/resource.go:115.2,115.17 1 1
git.zhugefang.com/gocore/zgo/zgonsq/resource.go:94.20,97.3 2 0
git.zhugefang.com/gocore/zgo/zgonsq/resource.go:101.16,104.3 2 0
git.zhugefang.com/gocore/zgo/zgonsq/resource.go:105.12,107.15 2 1
git.zhugefang.com/gocore/zgo/zgonsq/resource.go:107.15,110.4 1 0
git.zhugefang.com/gocore/zgo/zgonsq/resource.go:110.9,113.4 1 1
git.zhugefang.com/gocore/zgo/zgonsq/resource.go:119.84,124.16 5 1
git.zhugefang.com/gocore/zgo/zgonsq/resource.go:129.2,135.44 6 1
git.zhugefang.com/gocore/zgo/zgonsq/resource.go:143.2,143.15 1 1
git.zhugefang.com/gocore/zgo/zgonsq/resource.go:124.16,127.3 2 0
git.zhugefang.com/gocore/zgo/zgonsq/resource.go:135.44,136.26 1 1
git.zhugefang.com/gocore/zgo/zgonsq/resource.go:136.26,137.45 1 1
git.zhugefang.com/gocore/zgo/zgonsq/resource.go:137.45,139.10 2 1
git.zhugefang.com/gocore/zgo/zgonsq/resource.go:143.15,145.56 1 0
git.zhugefang.com/gocore/zgo/zgonsq/resource.go:145.56,147.4 1 0
git.zhugefang.com/gocore/zgo/zgonsq/resource.go:148.8,148.22 1 1
git.zhugefang.com/gocore/zgo/zgonsq/resource.go:148.22,149.50 1 1
git.zhugefang.com/gocore/zgo/zgonsq/resource.go:149.50,151.4 1 0
git.zhugefang.com/gocore/zgo/zgonsq/service.go:25.30,29.2 1 0
git.zhugefang.com/gocore/zgo/zgonsq/service.go:37.64,46.24 6 1
git.zhugefang.com/gocore/zgo/zgonsq/service.go:52.2,53.12 2 1
git.zhugefang.com/gocore/zgo/zgonsq/service.go:63.2,63.12 1 1
git.zhugefang.com/gocore/zgo/zgonsq/service.go:46.24,47.14 1 1
git.zhugefang.com/gocore/zgo/zgonsq/service.go:47.14,49.9 2 1
git.zhugefang.com/gocore/zgo/zgonsq/service.go:53.12,56.17 2 1
git.zhugefang.com/gocore/zgo/zgonsq/service.go:59.3,60.13 2 1
git.zhugefang.com/gocore/zgo/zgonsq/service.go:56.17,57.14 1 0
git.zhugefang.com/gocore/zgo/zgonsq/service.go:68.47,70.16 2 1
git.zhugefang.com/gocore/zgo/zgonsq/service.go:73.2,75.8 1 1
git.zhugefang.com/gocore/zgo/zgonsq/service.go:70.16,72.3 1 0
git.zhugefang.com/gocore/zgo/zgonsq/service.go:110.59,112.2 1 0
git.zhugefang.com/gocore/zgo/zgonsq/service.go:115.75,117.16 2 0
git.zhugefang.com/gocore/zgo/zgonsq/service.go:120.2,120.34 1 0
git.zhugefang.com/gocore/zgo/zgonsq/service.go:117.16,119.3 1 0
git.zhugefang.com/gocore/zgo/zgonsq/service.go:123.95,125.2 1 1
git.zhugefang.com/gocore/zgo/zgonsq/service.go:127.102,129.2 1 1
git.zhugefang.com/gocore/zgo/zgonsq/service.go:131.79,133.2 1 1
