mode: set
git.zhugefang.com/gocore/zgo/zgokafka/consumer.go:14.27,16.6 2 1
git.zhugefang.com/gocore/zgo/zgokafka/consumer.go:16.6,17.10 1 1
git.zhugefang.com/gocore/zgo/zgokafka/consumer.go:18.44,20.11 1 0
git.zhugefang.com/gocore/zgo/zgokafka/consumer.go:24.4,24.42 1 0
git.zhugefang.com/gocore/zgo/zgokafka/consumer.go:35.41,36.10 1 0
git.zhugefang.com/gocore/zgo/zgokafka/consumer.go:20.11,22.5 1 0
git.zhugefang.com/gocore/zgo/zgokafka/consumer.go:24.42,25.36 1 0
git.zhugefang.com/gocore/zgo/zgokafka/consumer.go:25.36,29.6 1 0
git.zhugefang.com/gocore/zgo/zgokafka/consumer.go:36.10,39.5 1 0
git.zhugefang.com/gocore/zgo/zgokafka/resource.go:28.53,33.2 1 1
git.zhugefang.com/gocore/zgo/zgokafka/resource.go:35.61,37.2 1 1
git.zhugefang.com/gocore/zgo/zgokafka/resource.go:40.78,42.2 1 0
git.zhugefang.com/gocore/zgo/zgokafka/resource.go:45.102,47.20 2 1
git.zhugefang.com/gocore/zgo/zgokafka/resource.go:51.2,54.17 3 1
git.zhugefang.com/gocore/zgo/zgokafka/resource.go:47.20,50.3 2 0
git.zhugefang.com/gocore/zgo/zgokafka/resource.go:58.109,60.20 2 1
git.zhugefang.com/gocore/zgo/zgokafka/resource.go:64.2,67.17 3 1
git.zhugefang.com/gocore/zgo/zgokafka/resource.go:60.20,63.3 2 0
git.zhugefang.com/gocore/zgo/zgokafka/resource.go:71.84,81.44 7 1
git.zhugefang.com/gocore/zgo/zgokafka/resource.go:91.2,92.16 2 1
git.zhugefang.com/gocore/zgo/zgokafka/resource.go:97.2,97.12 1 1
git.zhugefang.com/gocore/zgo/zgokafka/resource.go:104.2,104.12 1 1
git.zhugefang.com/gocore/zgo/zgokafka/resource.go:110.2,110.22 1 1
git.zhugefang.com/gocore/zgo/zgokafka/resource.go:81.44,82.26 1 1
git.zhugefang.com/gocore/zgo/zgokafka/resource.go:82.26,83.45 1 1
git.zhugefang.com/gocore/zgo/zgokafka/resource.go:83.45,86.10 3 1
git.zhugefang.com/gocore/zgo/zgokafka/resource.go:92.16,93.13 1 0
git.zhugefang.com/gocore/zgo/zgokafka/resource.go:97.12,98.38 1 1
git.zhugefang.com/gocore/zgo/zgokafka/resource.go:98.38,100.4 1 0
git.zhugefang.com/gocore/zgo/zgokafka/resource.go:104.12,105.42 1 1
git.zhugefang.com/gocore/zgo/zgokafka/resource.go:105.43,107.4 0 1
git.zhugefang.com/gocore/zgo/zgokafka/resource.go:127.109,130.49 2 1
git.zhugefang.com/gocore/zgo/zgokafka/resource.go:148.2,152.18 2 1
git.zhugefang.com/gocore/zgo/zgokafka/resource.go:130.49,133.7 3 1
git.zhugefang.com/gocore/zgo/zgokafka/resource.go:133.7,134.11 1 1
git.zhugefang.com/gocore/zgo/zgokafka/resource.go:135.25,136.19 1 0
git.zhugefang.com/gocore/zgo/zgokafka/resource.go:139.5,139.12 1 0
git.zhugefang.com/gocore/zgo/zgokafka/resource.go:140.19,143.12 1 1
git.zhugefang.com/gocore/zgo/zgokafka/resource.go:136.19,138.6 1 0
git.zhugefang.com/gocore/zgo/zgokafka/resource.go:156.116,159.49 2 1
git.zhugefang.com/gocore/zgo/zgokafka/resource.go:177.2,177.26 1 1
git.zhugefang.com/gocore/zgo/zgokafka/resource.go:159.49,162.7 3 1
git.zhugefang.com/gocore/zgo/zgokafka/resource.go:162.7,163.11 1 1
git.zhugefang.com/gocore/zgo/zgokafka/resource.go:164.25,165.19 1 0
git.zhugefang.com/gocore/zgo/zgokafka/resource.go:168.5,168.12 1 0
git.zhugefang.com/gocore/zgo/zgokafka/resource.go:169.19,172.12 1 1
git.zhugefang.com/gocore/zgo/zgokafka/resource.go:165.19,167.6 1 0
git.zhugefang.com/gocore/zgo/zgokafka/resource.go:177.26,183.3 2 1
git.zhugefang.com/gocore/zgo/zgokafka/service.go:26.34,30.2 1 0
git.zhugefang.com/gocore/zgo/zgokafka/service.go:38.68,47.24 6 1
git.zhugefang.com/gocore/zgo/zgokafka/service.go:53.2,54.12 2 1
git.zhugefang.com/gocore/zgo/zgokafka/service.go:62.2,62.12 1 1
git.zhugefang.com/gocore/zgo/zgokafka/service.go:47.24,48.14 1 1
git.zhugefang.com/gocore/zgo/zgokafka/service.go:48.14,50.9 2 1
git.zhugefang.com/gocore/zgo/zgokafka/service.go:54.12,56.17 2 1
git.zhugefang.com/gocore/zgo/zgokafka/service.go:59.3,60.13 2 1
git.zhugefang.com/gocore/zgo/zgokafka/service.go:56.17,58.4 1 0
git.zhugefang.com/gocore/zgo/zgokafka/service.go:67.51,69.16 2 1
git.zhugefang.com/gocore/zgo/zgokafka/service.go:72.2,74.8 1 1
git.zhugefang.com/gocore/zgo/zgokafka/service.go:69.16,71.3 1 0
git.zhugefang.com/gocore/zgo/zgokafka/service.go:77.65,79.2 1 0
git.zhugefang.com/gocore/zgo/zgokafka/service.go:82.85,84.16 2 0
git.zhugefang.com/gocore/zgo/zgokafka/service.go:87.2,87.34 1 0
git.zhugefang.com/gocore/zgo/zgokafka/service.go:84.16,86.3 1 0
git.zhugefang.com/gocore/zgo/zgokafka/service.go:90.97,92.2 1 1
git.zhugefang.com/gocore/zgo/zgokafka/service.go:94.104,96.2 1 1
git.zhugefang.com/gocore/zgo/zgokafka/service.go:98.79,100.2 1 1
git.zhugefang.com/gocore/zgo/zgokafka/connpool.go:37.42,41.2 1 1
git.zhugefang.com/gocore/zgo/zgokafka/connpool.go:44.56,46.2 1 1
git.zhugefang.com/gocore/zgo/zgokafka/connpool.go:48.56,55.12 5 1
git.zhugefang.com/gocore/zgo/zgokafka/connpool.go:75.2,75.30 1 1
git.zhugefang.com/gocore/zgo/zgokafka/connpool.go:83.2,83.11 1 1
git.zhugefang.com/gocore/zgo/zgokafka/connpool.go:55.12,56.27 1 1
git.zhugefang.com/gocore/zgo/zgokafka/connpool.go:56.27,60.28 3 1
git.zhugefang.com/gocore/zgo/zgokafka/connpool.go:60.28,69.5 4 1
git.zhugefang.com/gocore/zgo/zgokafka/connpool.go:75.30,82.3 2 1
git.zhugefang.com/gocore/zgo/zgokafka/connpool.go:88.74,93.39 4 1
git.zhugefang.com/gocore/zgo/zgokafka/connpool.go:96.2,97.56 2 1
git.zhugefang.com/gocore/zgo/zgokafka/connpool.go:93.39,95.3 1 1
git.zhugefang.com/gocore/zgo/zgokafka/connpool.go:100.79,103.12 1 1
git.zhugefang.com/gocore/zgo/zgokafka/connpool.go:112.2,112.38 1 1
git.zhugefang.com/gocore/zgo/zgokafka/connpool.go:120.2,120.12 1 1
git.zhugefang.com/gocore/zgo/zgokafka/connpool.go:141.2,141.12 1 1
git.zhugefang.com/gocore/zgo/zgokafka/connpool.go:103.12,104.42 1 1
git.zhugefang.com/gocore/zgo/zgokafka/connpool.go:104.42,105.38 1 1
git.zhugefang.com/gocore/zgo/zgokafka/connpool.go:105.38,108.5 1 1
git.zhugefang.com/gocore/zgo/zgokafka/connpool.go:112.38,118.3 2 1
git.zhugefang.com/gocore/zgo/zgokafka/connpool.go:120.12,121.7 1 1
git.zhugefang.com/gocore/zgo/zgokafka/connpool.go:121.7,124.80 1 1
git.zhugefang.com/gocore/zgo/zgokafka/connpool.go:124.80,125.34 1 1
git.zhugefang.com/gocore/zgo/zgokafka/connpool.go:125.34,126.18 1 1
git.zhugefang.com/gocore/zgo/zgokafka/connpool.go:126.18,128.7 1 1
git.zhugefang.com/gocore/zgo/zgokafka/connpool.go:131.10,136.5 1 1
git.zhugefang.com/gocore/zgo/zgokafka/connpool.go:141.12,145.3 2 1
git.zhugefang.com/gocore/zgo/zgokafka/connpool.go:149.79,151.12 2 1
git.zhugefang.com/gocore/zgo/zgokafka/connpool.go:162.2,162.12 1 1
git.zhugefang.com/gocore/zgo/zgokafka/connpool.go:151.12,155.17 4 1
git.zhugefang.com/gocore/zgo/zgokafka/connpool.go:160.3,160.12 1 1
git.zhugefang.com/gocore/zgo/zgokafka/connpool.go:155.17,159.4 3 0
