mode: set
git.zhugefang.com/gocore/zgo/zgomongo/resource.go:32.53,37.2 1 1
git.zhugefang.com/gocore/zgo/zgomongo/resource.go:39.61,41.2 1 1
git.zhugefang.com/gocore/zgo/zgomongo/resource.go:44.69,46.2 1 0
git.zhugefang.com/gocore/zgo/zgomongo/resource.go:48.97,53.2 3 0
git.zhugefang.com/gocore/zgo/zgomongo/resource.go:55.103,58.2 2 1
git.zhugefang.com/gocore/zgo/zgomongo/resource.go:65.100,70.16 4 1
git.zhugefang.com/gocore/zgo/zgomongo/resource.go:73.2,75.17 3 1
git.zhugefang.com/gocore/zgo/zgomongo/resource.go:70.16,72.3 1 0
git.zhugefang.com/gocore/zgo/zgomongo/resource.go:80.103,88.2 6 0
git.zhugefang.com/gocore/zgo/zgomongo/resource.go:91.91,96.2 4 0
git.zhugefang.com/gocore/zgo/zgomongo/resource.go:99.91,101.25 2 0
git.zhugefang.com/gocore/zgo/zgomongo/resource.go:104.2,107.12 4 0
git.zhugefang.com/gocore/zgo/zgomongo/resource.go:101.25,103.3 1 0
git.zhugefang.com/gocore/zgo/zgomongo/resource.go:110.91,112.16 2 0
git.zhugefang.com/gocore/zgo/zgomongo/resource.go:115.2,118.82 4 0
git.zhugefang.com/gocore/zgo/zgomongo/resource.go:112.16,114.3 1 0
git.zhugefang.com/gocore/zgo/zgomongo/resource.go:121.91,123.16 2 0
git.zhugefang.com/gocore/zgo/zgomongo/resource.go:126.2,127.26 2 0
git.zhugefang.com/gocore/zgo/zgomongo/resource.go:130.2,132.12 3 0
git.zhugefang.com/gocore/zgo/zgomongo/resource.go:123.16,125.3 1 0
git.zhugefang.com/gocore/zgo/zgomongo/resource.go:127.26,129.3 1 0
git.zhugefang.com/gocore/zgo/zgomongo/resource.go:135.52,144.23 1 1
git.zhugefang.com/gocore/zgo/zgomongo/resource.go:151.2,151.12 1 1
git.zhugefang.com/gocore/zgo/zgomongo/resource.go:144.23,146.3 1 0
git.zhugefang.com/gocore/zgo/zgomongo/resource.go:146.8,146.33 1 1
git.zhugefang.com/gocore/zgo/zgomongo/resource.go:146.33,148.3 1 0
git.zhugefang.com/gocore/zgo/zgomongo/resource.go:148.8,148.33 1 1
git.zhugefang.com/gocore/zgo/zgomongo/resource.go:148.33,150.3 1 0
git.zhugefang.com/gocore/zgo/zgomongo/resource.go:155.50,157.16 2 1
git.zhugefang.com/gocore/zgo/zgomongo/resource.go:160.2,162.13 3 1
git.zhugefang.com/gocore/zgo/zgomongo/resource.go:157.16,159.3 1 0
git.zhugefang.com/gocore/zgo/zgomongo/resource.go:166.56,169.16 3 0
git.zhugefang.com/gocore/zgo/zgomongo/resource.go:172.2,174.13 3 0
git.zhugefang.com/gocore/zgo/zgomongo/resource.go:169.16,171.3 1 0
git.zhugefang.com/gocore/zgo/zgomongo/resource.go:178.51,179.26 1 1
git.zhugefang.com/gocore/zgo/zgomongo/resource.go:188.2,188.27 1 1
git.zhugefang.com/gocore/zgo/zgomongo/resource.go:193.2,193.27 1 1
git.zhugefang.com/gocore/zgo/zgomongo/resource.go:179.26,182.3 2 1
git.zhugefang.com/gocore/zgo/zgomongo/resource.go:182.8,186.3 3 0
git.zhugefang.com/gocore/zgo/zgomongo/resource.go:188.27,191.3 2 0
git.zhugefang.com/gocore/zgo/zgomongo/resource.go:193.27,196.3 2 0
git.zhugefang.com/gocore/zgo/zgomongo/resource.go:196.8,200.3 3 1
git.zhugefang.com/gocore/zgo/zgomongo/service.go:28.30,32.2 1 0
git.zhugefang.com/gocore/zgo/zgomongo/service.go:40.68,49.24 6 1
git.zhugefang.com/gocore/zgo/zgomongo/service.go:55.2,56.12 2 1
git.zhugefang.com/gocore/zgo/zgomongo/service.go:64.2,64.12 1 1
git.zhugefang.com/gocore/zgo/zgomongo/service.go:49.24,50.14 1 1
git.zhugefang.com/gocore/zgo/zgomongo/service.go:50.14,52.9 2 1
git.zhugefang.com/gocore/zgo/zgomongo/service.go:56.12,58.17 2 1
git.zhugefang.com/gocore/zgo/zgomongo/service.go:61.3,62.13 2 1
git.zhugefang.com/gocore/zgo/zgomongo/service.go:58.17,60.4 1 0
git.zhugefang.com/gocore/zgo/zgomongo/service.go:69.51,71.16 2 1
git.zhugefang.com/gocore/zgo/zgomongo/service.go:75.2,77.8 1 1
git.zhugefang.com/gocore/zgo/zgomongo/service.go:71.16,73.3 1 0
git.zhugefang.com/gocore/zgo/zgomongo/service.go:80.65,82.2 1 0
git.zhugefang.com/gocore/zgo/zgomongo/service.go:84.76,87.16 2 0
git.zhugefang.com/gocore/zgo/zgomongo/service.go:90.2,90.34 1 0
git.zhugefang.com/gocore/zgo/zgomongo/service.go:87.16,89.3 1 0
git.zhugefang.com/gocore/zgo/zgomongo/service.go:93.98,95.2 1 1
git.zhugefang.com/gocore/zgo/zgomongo/service.go:97.98,99.16 2 0
git.zhugefang.com/gocore/zgo/zgomongo/service.go:102.2,102.23 1 0
git.zhugefang.com/gocore/zgo/zgomongo/service.go:99.16,101.3 1 0
git.zhugefang.com/gocore/zgo/zgomongo/service.go:105.101,107.16 2 0
git.zhugefang.com/gocore/zgo/zgomongo/service.go:110.2,110.23 1 0
git.zhugefang.com/gocore/zgo/zgomongo/service.go:107.16,109.3 1 0
git.zhugefang.com/gocore/zgo/zgomongo/service.go:113.98,116.2 1 0
git.zhugefang.com/gocore/zgo/zgomongo/service.go:118.98,120.25 1 0
git.zhugefang.com/gocore/zgo/zgomongo/service.go:123.2,123.25 1 0
git.zhugefang.com/gocore/zgo/zgomongo/service.go:126.2,126.26 1 0
git.zhugefang.com/gocore/zgo/zgomongo/service.go:129.2,129.25 1 0
git.zhugefang.com/gocore/zgo/zgomongo/service.go:132.2,132.30 1 0
git.zhugefang.com/gocore/zgo/zgomongo/service.go:120.25,122.3 1 0
git.zhugefang.com/gocore/zgo/zgomongo/service.go:123.25,125.3 1 0
git.zhugefang.com/gocore/zgo/zgomongo/service.go:126.26,128.3 1 0
git.zhugefang.com/gocore/zgo/zgomongo/service.go:129.25,131.3 1 0
git.zhugefang.com/gocore/zgo/zgomongo/service.go:137.95,139.2 1 1
git.zhugefang.com/gocore/zgo/zgomongo/connpool.go:37.42,41.2 1 1
git.zhugefang.com/gocore/zgo/zgomongo/connpool.go:44.56,46.2 1 1
git.zhugefang.com/gocore/zgo/zgomongo/connpool.go:48.56,55.12 5 1
git.zhugefang.com/gocore/zgo/zgomongo/connpool.go:75.2,75.30 1 1
git.zhugefang.com/gocore/zgo/zgomongo/connpool.go:83.2,83.11 1 1
git.zhugefang.com/gocore/zgo/zgomongo/connpool.go:55.12,56.27 1 1
git.zhugefang.com/gocore/zgo/zgomongo/connpool.go:56.27,60.28 3 1
git.zhugefang.com/gocore/zgo/zgomongo/connpool.go:60.28,69.5 4 1
git.zhugefang.com/gocore/zgo/zgomongo/connpool.go:75.30,82.3 2 1
git.zhugefang.com/gocore/zgo/zgomongo/connpool.go:88.65,93.39 4 1
git.zhugefang.com/gocore/zgo/zgomongo/connpool.go:96.2,97.56 2 1
git.zhugefang.com/gocore/zgo/zgomongo/connpool.go:93.39,95.3 1 1
git.zhugefang.com/gocore/zgo/zgomongo/connpool.go:100.79,103.12 1 1
git.zhugefang.com/gocore/zgo/zgomongo/connpool.go:112.2,112.38 1 1
git.zhugefang.com/gocore/zgo/zgomongo/connpool.go:117.2,117.12 1 1
git.zhugefang.com/gocore/zgo/zgomongo/connpool.go:137.2,137.12 1 1
git.zhugefang.com/gocore/zgo/zgomongo/connpool.go:103.12,104.42 1 1
git.zhugefang.com/gocore/zgo/zgomongo/connpool.go:104.42,105.38 1 1
git.zhugefang.com/gocore/zgo/zgomongo/connpool.go:105.38,108.5 1 1
git.zhugefang.com/gocore/zgo/zgomongo/connpool.go:112.38,115.3 1 1
git.zhugefang.com/gocore/zgo/zgomongo/connpool.go:117.12,118.7 1 1
git.zhugefang.com/gocore/zgo/zgomongo/connpool.go:118.7,121.80 1 1
git.zhugefang.com/gocore/zgo/zgomongo/connpool.go:121.80,122.34 1 1
git.zhugefang.com/gocore/zgo/zgomongo/connpool.go:122.34,123.18 1 1
git.zhugefang.com/gocore/zgo/zgomongo/connpool.go:123.18,125.7 1 1
git.zhugefang.com/gocore/zgo/zgomongo/connpool.go:128.10,132.5 1 1
git.zhugefang.com/gocore/zgo/zgomongo/connpool.go:137.12,141.3 2 1
git.zhugefang.com/gocore/zgo/zgomongo/connpool.go:145.68,147.12 2 1
git.zhugefang.com/gocore/zgo/zgomongo/connpool.go:173.2,173.12 1 1
git.zhugefang.com/gocore/zgo/zgomongo/connpool.go:147.12,161.35 3 1
git.zhugefang.com/gocore/zgo/zgomongo/connpool.go:166.3,170.17 3 1
git.zhugefang.com/gocore/zgo/zgomongo/connpool.go:161.35,165.4 3 0
