mode: set
git.zhugefang.com/gocore/zgo/zgolog/service.go:37.25,44.2 2 1
git.zhugefang.com/gocore/zgo/zgolog/service.go:46.35,48.22 2 0
git.zhugefang.com/gocore/zgo/zgolog/service.go:53.2,57.3 1 0
git.zhugefang.com/gocore/zgo/zgolog/service.go:48.22,50.3 1 0
git.zhugefang.com/gocore/zgo/zgolog/service.go:50.8,52.3 1 0
git.zhugefang.com/gocore/zgo/zgolog/service.go:62.53,65.11 3 1
git.zhugefang.com/gocore/zgo/zgolog/service.go:104.2,104.12 1 1
git.zhugefang.com/gocore/zgo/zgolog/service.go:66.22,72.28 6 0
git.zhugefang.com/gocore/zgo/zgolog/service.go:73.22,77.28 4 0
git.zhugefang.com/gocore/zgo/zgolog/service.go:78.21,82.28 4 0
git.zhugefang.com/gocore/zgo/zgolog/service.go:83.21,87.28 4 0
git.zhugefang.com/gocore/zgo/zgolog/service.go:88.22,92.28 4 1
git.zhugefang.com/gocore/zgo/zgolog/service.go:93.22,97.28 4 0
git.zhugefang.com/gocore/zgo/zgolog/service.go:98.10,102.28 4 0
git.zhugefang.com/gocore/zgo/zgolog/service.go:107.70,109.2 1 0
git.zhugefang.com/gocore/zgo/zgolog/service.go:111.55,113.2 1 0
git.zhugefang.com/gocore/zgo/zgolog/service.go:115.42,118.32 3 1
git.zhugefang.com/gocore/zgo/zgolog/service.go:124.2,125.13 2 1
git.zhugefang.com/gocore/zgo/zgolog/service.go:128.2,132.11 2 1
git.zhugefang.com/gocore/zgo/zgolog/service.go:118.32,121.3 1 0
git.zhugefang.com/gocore/zgo/zgolog/service.go:121.8,123.3 1 1
git.zhugefang.com/gocore/zgo/zgolog/service.go:125.13,127.3 1 1
git.zhugefang.com/gocore/zgo/zgolog/service.go:135.45,137.2 1 1
git.zhugefang.com/gocore/zgo/zgolog/service.go:139.44,141.2 1 1
git.zhugefang.com/gocore/zgo/zgolog/service.go:143.45,145.2 1 1
git.zhugefang.com/gocore/zgo/zgolog/service.go:147.44,149.2 1 1
git.zhugefang.com/gocore/zgo/zgolog/service.go:151.45,153.2 1 1
git.zhugefang.com/gocore/zgo/zgolog/service.go:155.61,157.2 1 1
git.zhugefang.com/gocore/zgo/zgolog/service.go:159.60,161.2 1 1
git.zhugefang.com/gocore/zgo/zgolog/service.go:163.61,165.2 1 1
git.zhugefang.com/gocore/zgo/zgolog/service.go:167.60,169.2 1 1
git.zhugefang.com/gocore/zgo/zgolog/service.go:171.61,173.2 1 1
