mode: set
git.zhugefang.com/gocore/zgo/zgoutils/utils.go:27.13,28.95 1 1
git.zhugefang.com/gocore/zgo/zgoutils/utils.go:28.95,29.52 1 1
git.zhugefang.com/gocore/zgo/zgoutils/utils.go:29.52,31.4 1 1
git.zhugefang.com/gocore/zgo/zgoutils/utils.go:37.13,39.2 1 1
git.zhugefang.com/gocore/zgo/zgoutils/utils.go:82.25,84.2 1 1
git.zhugefang.com/gocore/zgo/zgoutils/utils.go:87.58,89.2 1 1
git.zhugefang.com/gocore/zgo/zgoutils/utils.go:92.65,94.2 1 1
git.zhugefang.com/gocore/zgo/zgoutils/utils.go:97.71,102.2 4 1
git.zhugefang.com/gocore/zgo/zgoutils/utils.go:109.77,110.17 1 1
git.zhugefang.com/gocore/zgo/zgoutils/utils.go:115.2,115.17 1 1
git.zhugefang.com/gocore/zgo/zgoutils/utils.go:128.2,131.21 2 1
git.zhugefang.com/gocore/zgo/zgoutils/utils.go:135.2,135.32 1 1
git.zhugefang.com/gocore/zgo/zgoutils/utils.go:110.17,112.3 1 0
git.zhugefang.com/gocore/zgo/zgoutils/utils.go:115.17,120.66 2 0
git.zhugefang.com/gocore/zgo/zgoutils/utils.go:123.3,124.48 2 0
git.zhugefang.com/gocore/zgo/zgoutils/utils.go:120.66,122.4 1 0
git.zhugefang.com/gocore/zgo/zgoutils/utils.go:131.21,133.3 1 0
git.zhugefang.com/gocore/zgo/zgoutils/utils.go:139.41,143.2 3 0
git.zhugefang.com/gocore/zgo/zgoutils/utils.go:146.39,149.2 2 0
git.zhugefang.com/gocore/zgo/zgoutils/utils.go:152.43,154.11 2 0
git.zhugefang.com/gocore/zgo/zgoutils/utils.go:162.2,162.15 1 0
git.zhugefang.com/gocore/zgo/zgoutils/utils.go:155.10,156.29 1 0
git.zhugefang.com/gocore/zgo/zgoutils/utils.go:157.10,158.39 1 0
git.zhugefang.com/gocore/zgo/zgoutils/utils.go:159.10,160.33 1 0
git.zhugefang.com/gocore/zgo/zgoutils/utils.go:166.49,168.37 2 1
git.zhugefang.com/gocore/zgo/zgoutils/utils.go:173.2,173.14 1 1
git.zhugefang.com/gocore/zgo/zgoutils/utils.go:168.37,169.24 1 1
git.zhugefang.com/gocore/zgo/zgoutils/utils.go:169.24,171.4 1 1
git.zhugefang.com/gocore/zgo/zgoutils/utils.go:177.54,179.60 1 1
git.zhugefang.com/gocore/zgo/zgoutils/utils.go:183.2,184.16 2 0
git.zhugefang.com/gocore/zgo/zgoutils/utils.go:188.2,190.32 2 0
git.zhugefang.com/gocore/zgo/zgoutils/utils.go:213.2,213.19 1 0
git.zhugefang.com/gocore/zgo/zgoutils/utils.go:217.2,217.37 1 0
git.zhugefang.com/gocore/zgo/zgoutils/utils.go:179.60,181.3 1 1
git.zhugefang.com/gocore/zgo/zgoutils/utils.go:184.16,186.3 1 0
git.zhugefang.com/gocore/zgo/zgoutils/utils.go:190.32,192.33 2 0
git.zhugefang.com/gocore/zgo/zgoutils/utils.go:201.3,201.22 1 0
git.zhugefang.com/gocore/zgo/zgoutils/utils.go:205.3,205.34 1 0
git.zhugefang.com/gocore/zgo/zgoutils/utils.go:209.3,210.8 2 0
git.zhugefang.com/gocore/zgo/zgoutils/utils.go:193.20,194.16 1 0
git.zhugefang.com/gocore/zgo/zgoutils/utils.go:195.19,196.16 1 0
git.zhugefang.com/gocore/zgo/zgoutils/utils.go:197.11,198.12 1 0
git.zhugefang.com/gocore/zgo/zgoutils/utils.go:201.22,202.12 1 0
git.zhugefang.com/gocore/zgo/zgoutils/utils.go:205.34,206.12 1 0
git.zhugefang.com/gocore/zgo/zgoutils/utils.go:213.19,215.3 1 0
git.zhugefang.com/gocore/zgo/zgoutils/utils.go:221.32,223.16 2 1
git.zhugefang.com/gocore/zgo/zgoutils/utils.go:227.2,229.27 2 1
git.zhugefang.com/gocore/zgo/zgoutils/utils.go:257.2,257.16 1 1
git.zhugefang.com/gocore/zgo/zgoutils/utils.go:223.16,225.3 1 0
git.zhugefang.com/gocore/zgo/zgoutils/utils.go:229.27,231.17 2 1
git.zhugefang.com/gocore/zgo/zgoutils/utils.go:235.3,235.30 1 1
git.zhugefang.com/gocore/zgo/zgoutils/utils.go:231.17,232.12 1 0
git.zhugefang.com/gocore/zgo/zgoutils/utils.go:235.30,237.28 2 1
git.zhugefang.com/gocore/zgo/zgoutils/utils.go:244.4,244.17 1 1
git.zhugefang.com/gocore/zgo/zgoutils/utils.go:248.4,249.17 2 1
git.zhugefang.com/gocore/zgo/zgoutils/utils.go:253.4,253.42 1 1
git.zhugefang.com/gocore/zgo/zgoutils/utils.go:238.20,239.14 1 1
git.zhugefang.com/gocore/zgo/zgoutils/utils.go:240.21,241.14 1 0
git.zhugefang.com/gocore/zgo/zgoutils/utils.go:244.17,245.13 1 0
git.zhugefang.com/gocore/zgo/zgoutils/utils.go:249.17,250.13 1 1
git.zhugefang.com/gocore/zgo/zgoutils/utils.go:261.40,262.20 1 1
git.zhugefang.com/gocore/zgo/zgoutils/utils.go:266.2,267.16 2 1
git.zhugefang.com/gocore/zgo/zgoutils/utils.go:272.2,272.42 1 1
git.zhugefang.com/gocore/zgo/zgoutils/utils.go:286.2,286.17 1 1
git.zhugefang.com/gocore/zgo/zgoutils/utils.go:262.20,264.3 1 0
git.zhugefang.com/gocore/zgo/zgoutils/utils.go:267.16,270.3 2 0
git.zhugefang.com/gocore/zgo/zgoutils/utils.go:272.42,273.49 1 1
git.zhugefang.com/gocore/zgo/zgoutils/utils.go:273.49,275.34 2 1
git.zhugefang.com/gocore/zgo/zgoutils/utils.go:275.34,276.72 1 1
git.zhugefang.com/gocore/zgo/zgoutils/utils.go:276.72,277.31 1 1
git.zhugefang.com/gocore/zgo/zgoutils/utils.go:277.31,279.12 2 1
git.zhugefang.com/gocore/zgo/zgoutils/utils.go:290.46,292.16 2 0
git.zhugefang.com/gocore/zgo/zgoutils/utils.go:297.2,297.18 1 0
git.zhugefang.com/gocore/zgo/zgoutils/utils.go:301.2,301.13 1 0
git.zhugefang.com/gocore/zgo/zgoutils/utils.go:292.16,295.3 2 0
git.zhugefang.com/gocore/zgo/zgoutils/utils.go:297.18,299.3 1 0
git.zhugefang.com/gocore/zgo/zgoutils/utils.go:306.46,310.2 3 1
git.zhugefang.com/gocore/zgo/zgoutils/utils.go:312.65,318.2 5 1
git.zhugefang.com/gocore/zgo/zgoutils/utils.go:320.58,321.52 1 1
git.zhugefang.com/gocore/zgo/zgoutils/utils.go:321.52,323.3 1 1
git.zhugefang.com/gocore/zgo/zgoutils/utils.go:323.8,325.3 1 1
git.zhugefang.com/gocore/zgo/zgoutils/utils.go:328.59,331.16 2 1
git.zhugefang.com/gocore/zgo/zgoutils/utils.go:334.2,334.58 1 1
git.zhugefang.com/gocore/zgo/zgoutils/utils.go:331.16,332.13 1 1
git.zhugefang.com/gocore/zgo/zgoutils/utils.go:337.59,340.16 2 1
git.zhugefang.com/gocore/zgo/zgoutils/utils.go:343.2,343.67 1 1
git.zhugefang.com/gocore/zgo/zgoutils/utils.go:340.16,341.13 1 1
git.zhugefang.com/gocore/zgo/zgoutils/utils.go:347.79,349.33 2 1
git.zhugefang.com/gocore/zgo/zgoutils/utils.go:352.2,353.8 2 1
git.zhugefang.com/gocore/zgo/zgoutils/utils.go:349.33,351.3 1 1
git.zhugefang.com/gocore/zgo/zgoutils/utils.go:356.60,358.52 2 1
git.zhugefang.com/gocore/zgo/zgoutils/utils.go:358.52,361.25 3 1
git.zhugefang.com/gocore/zgo/zgoutils/utils.go:364.3,365.30 2 1
git.zhugefang.com/gocore/zgo/zgoutils/utils.go:361.25,362.12 1 1
git.zhugefang.com/gocore/zgo/zgoutils/utils.go:366.14,368.27 2 1
git.zhugefang.com/gocore/zgo/zgoutils/utils.go:369.24,371.27 2 1
git.zhugefang.com/gocore/zgo/zgoutils/utils.go:372.17,373.34 1 1
git.zhugefang.com/gocore/zgo/zgoutils/utils.go:374.15,376.29 2 1
